2025-07-29 12:14:56,535 - __main__ - INFO - Starting registration bot...
2025-07-29 12:14:56,535 - __main__ - INFO - User data loaded successfully
2025-07-29 12:15:04,990 - __main__ - INFO - User 574330749 started the bot
2025-07-29 12:15:04,990 - __main__ - ERROR - Fatal error: name 'time' is not defined
2025-07-29 12:15:04,991 - __main__ - INFO - User data saved successfully
2025-07-29 12:15:44,789 - __main__ - INFO - Starting registration bot...
2025-07-29 12:15:44,790 - __main__ - INFO - User data loaded successfully
2025-07-29 12:15:45,138 - __main__ - INFO - User 574330749 started the bot
2025-07-29 12:15:45,392 - __main__ - INFO - User 574330749 started the bot
2025-07-29 12:15:45,654 - __main__ - INFO - User 574330749 started the bot
2025-07-29 12:15:45,654 - __main__ - ERROR - Fatal error: name 'time' is not defined
2025-07-29 12:15:45,655 - __main__ - INFO - User data saved successfully
2025-07-29 12:16:16,149 - __main__ - INFO - Starting registration bot...
2025-07-29 12:16:16,150 - __main__ - INFO - User data loaded successfully
2025-07-29 12:16:16,498 - __main__ - INFO - User 574330749 started the bot
2025-07-29 12:16:16,725 - __main__ - INFO - User 574330749 started the bot
2025-07-29 12:16:16,983 - __main__ - INFO - User 574330749 started the bot
2025-07-29 12:16:16,983 - __main__ - ERROR - Fatal error: name 'time' is not defined
2025-07-29 12:16:16,983 - __main__ - INFO - User data saved successfully
2025-07-29 12:26:49,740 - __main__ - INFO - Starting registration bot...
2025-07-29 12:26:49,740 - __main__ - INFO - User data loaded successfully
2025-07-29 12:26:59,013 - __main__ - INFO - User 574330749 started the bot
2025-07-29 12:26:59,013 - __main__ - ERROR - Fatal error: name 'time' is not defined
2025-07-29 12:26:59,014 - __main__ - INFO - User data saved successfully
